
[nuomi.commend: w (2013-11-01-10:26:12)]
[nuomi.commend: e (2013-11-01-10:26:47)]
[nuomi.commend: ee (2013-11-01-10:26:49)]
[nuomi.commend: eet (2013-11-01-10:26:54)]
[nuomi.commend: hot (2013-11-01-10:32:15)]
[nuomi.commend: hot (2013-11-01-10:32:27)]
[nuomi.commend: hot (2013-11-01-10:32:36)]
[nuomi.commend: hot (2013-11-01-10:32:36)]
[nuomi.commend: hot (2013-11-01-10:32:38)]
[nuomi.commend: hot (2013-11-01-10:32:38)]
[nuomi.commend: hot (2013-11-01-10:33:24)]
[nuomi.commend: hot (2013-11-01-11:03:05)]
[nuomi.commend: hot (2013-11-01-11:03:13)]
[nuomi.commend: hot (2013-11-01-11:03:19)]
[nuomi.commend:   (2013-11-01-11:23:34)]
[nuomi.commend:  e (2013-11-01-11:23:43)]
[nuomi.commend:  eee (2013-11-01-11:23:43)]
[nuomi.commend:  eeeee (2013-11-01-11:23:44)]
[nuomi.commend: 1 (2013-11-01-11:24:31)]
[nuomi.commend: 2 (2013-11-01-11:24:33)]
[nuomi.commend: 1 (2013-11-01-11:24:35)]
[nuomi.commend: 1 (2013-11-01-11:24:40)]
[nuomi.commend: 1 (2013-11-01-11:31:23)]
[nuomi.commend: 1 (2013-11-01-11:31:29)]
[nuomi.commend: 1 (2013-11-01-11:32:12)]
[nuomi.commend: 1 (2013-11-01-11:32:51)]
[nuomi.commend: 1 (2013-11-01-11:33:05)]
[nuomi.commend: 1 (2013-11-01-11:33:17)]
[nuomi.commend: 1 (2013-11-01-11:35:32)]
[nuomi.commend: 2 (2013-11-01-11:35:39)]
[nuomi.commend: 1 (2013-11-01-11:35:44)]
[nuomi.commend: 1 (2013-11-01-11:35:47)]
[nuomi.commend: 2 (2013-11-01-11:35:49)]
[nuomi.commend: 3 (2013-11-01-11:35:56)]
[nuomi.commend: 2 (2013-11-01-11:35:59)]
[nuomi.commend: 3 (2013-11-01-11:36:00)]
[nuomi.commend: 1 (2013-11-01-11:36:16)]
[nuomi.commend: 2 (2013-11-01-11:36:16)]
[nuomi.commend: 1 (2013-11-01-11:36:26)]
[nuomi.commend: 2 (2013-11-01-11:36:27)]
[nuomi.commend: 3 (2013-11-01-11:36:29)]
[nuomi.commend:  e (2013-11-01-11:37:13)]
[nuomi.commend:  ew (2013-11-01-11:37:14)]
[nuomi.commend:   (2013-11-01-11:38:05)]
[nuomi.commend: <items><item arg="ktv" uid="0"><title>ktv</title><subtitle /><icon>icon.png</icon></item><item arg="火锅" uid="1"><title>火锅</title><subtitle /><icon>icon.png</icon></item><item arg="自助餐" uid="2"><title>自助餐</title><subtitle /><icon>icon.png</icon></item><item arg="电影票" uid="3"><title>电影票</title><subtitle /><icon>icon.png</icon></item><item arg="旅游" uid="4"><title>旅游</title><subtitle /><icon>icon.png</icon></item><item arg="烧烤" uid="5"><title>烧烤</title><subtitle /><icon>icon.png</icon></item><item arg="日本料理" uid="6"><title>日本料理</title><subtitle /><icon>icon.png</icon></item><item arg="按摩" uid="7"><title>按摩</title><subtitle /><icon>icon.png</icon></item><item arg="欢乐谷" uid="8"><title>欢乐谷</title><subtitle /><icon>icon.png</icon></item></items> (2013-11-01-11:38:05)]
[nuomi.commend:  e (2013-11-01-11:38:06)]
[nuomi.commend: <items><item arg=" e" uid="0"><title> e</title><subtitle /><icon>icon.png</icon></item></items> (2013-11-01-11:38:06)]
[nuomi.commend:   (2013-11-01-11:38:37)]
[nuomi.commend: <items><item arg="ktv" uid="0"><title>ktv</title><subtitle /><icon>icon.png</icon></item><item arg="火锅" uid="1"><title>火锅</title><subtitle /><icon>icon.png</icon></item><item arg="自助餐" uid="2"><title>自助餐</title><subtitle /><icon>icon.png</icon></item><item arg="电影票" uid="3"><title>电影票</title><subtitle /><icon>icon.png</icon></item><item arg="旅游" uid="4"><title>旅游</title><subtitle /><icon>icon.png</icon></item><item arg="烧烤" uid="5"><title>烧烤</title><subtitle /><icon>icon.png</icon></item><item arg="日本料理" uid="6"><title>日本料理</title><subtitle /><icon>icon.png</icon></item><item arg="按摩" uid="7"><title>按摩</title><subtitle /><icon>icon.png</icon></item><item arg="欢乐谷" uid="8"><title>欢乐谷</title><subtitle /><icon>icon.png</icon></item></items> (2013-11-01-11:38:37)]
[nuomi.commend:  l (2013-11-01-11:38:41)]
[nuomi.commend: <items><item arg=" l" uid="0"><title> l</title><subtitle /><icon>icon.png</icon></item></items> (2013-11-01-11:38:41)]
[nuomi.commend:  lo (2013-11-01-11:38:47)]
[nuomi.commend: <items><item arg=" lo" uid="0"><title> lo</title><subtitle /><icon>icon.png</icon></item></items> (2013-11-01-11:38:47)]
[nuomi.commend: e (2013-11-01-11:39:30)]
[nuomi.commend: <items><item arg="ktv" uid="0"><title>ktv</title><subtitle /><icon>icon.png</icon></item><item arg="火锅" uid="1"><title>火锅</title><subtitle /><icon>icon.png</icon></item><item arg="自助餐" uid="2"><title>自助餐</title><subtitle /><icon>icon.png</icon></item><item arg="电影票" uid="3"><title>电影票</title><subtitle /><icon>icon.png</icon></item><item arg="旅游" uid="4"><title>旅游</title><subtitle /><icon>icon.png</icon></item><item arg="烧烤" uid="5"><title>烧烤</title><subtitle /><icon>icon.png</icon></item><item arg="日本料理" uid="6"><title>日本料理</title><subtitle /><icon>icon.png</icon></item><item arg="按摩" uid="7"><title>按摩</title><subtitle /><icon>icon.png</icon></item><item arg="欢乐谷" uid="8"><title>欢乐谷</title><subtitle /><icon>icon.png</icon></item></items> (2013-11-01-11:39:30)]
[nuomi.commend: i (2013-11-01-11:39:42)]
[nuomi.commend: <items><item arg="ktv" uid="0"><title>ktv</title><subtitle /><icon>icon.png</icon></item><item arg="火锅" uid="1"><title>火锅</title><subtitle /><icon>icon.png</icon></item><item arg="自助餐" uid="2"><title>自助餐</title><subtitle /><icon>icon.png</icon></item><item arg="电影票" uid="3"><title>电影票</title><subtitle /><icon>icon.png</icon></item><item arg="旅游" uid="4"><title>旅游</title><subtitle /><icon>icon.png</icon></item><item arg="烧烤" uid="5"><title>烧烤</title><subtitle /><icon>icon.png</icon></item><item arg="日本料理" uid="6"><title>日本料理</title><subtitle /><icon>icon.png</icon></item><item arg="按摩" uid="7"><title>按摩</title><subtitle /><icon>icon.png</icon></item><item arg="欢乐谷" uid="8"><title>欢乐谷</title><subtitle /><icon>icon.png</icon></item></items> (2013-11-01-11:39:42)]
[nuomi.commend:   (2013-11-01-11:41:58)]
[nuomi.commend:  e (2013-11-01-11:42:11)]
[nuomi.commend: <items><item arg=" e" uid="0"><title> e</title><subtitle /><icon>icon.png</icon></item></items> (2013-11-01-11:42:11)]
[nuomi.commend:  ew (2013-11-01-11:42:17)]
[nuomi.commend: <items><item arg=" ew" uid="0"><title> ew</title><subtitle /><icon>icon.png</icon></item></items> (2013-11-01-11:42:17)]
[nuomi.commend:   (2013-11-01-11:43:06)]
[nuomi.commend:  w (2013-11-01-11:43:09)]
[nuomi.commend: <items><item arg=" w" uid="0"><title> w</title><subtitle /><icon>icon.png</icon></item></items> (2013-11-01-11:43:09)]
[nuomi.commend: w (2013-11-01-11:43:58)]
[nuomi.commend: we (2013-11-01-11:44:02)]
[nuomi.commend: <items><item arg="魏公村" uid="0"><title>魏公村</title><subtitle /><icon>icon.png</icon></item><item arg="未爱剧社" uid="1"><title>未爱剧社</title><subtitle /><icon>icon.png</icon></item><item arg="味道花园" uid="2"><title>味道花园</title><subtitle /><icon>icon.png</icon></item><item arg="威廉国际发艺" uid="3"><title>威廉国际发艺</title><subtitle /><icon>icon.png</icon></item><item arg="威固汽车美容中心" uid="4"><title>威固汽车美容中心</title><subtitle /><icon>icon.png</icon></item><item arg="welfare" uid="5"><title>welfare</title><subtitle /><icon>icon.png</icon></item><item arg="维尔口腔" uid="6"><title>维尔口腔</title><subtitle /><icon>icon.png</icon></item><item arg="味多美" uid="7"><title>味多美</title><subtitle /><icon>icon.png</icon></item><item arg="维康" uid="8"><title>维康</title><subtitle /><icon>icon.png</icon></item></items> (2013-11-01-11:44:02)]
[nuomi.commend: w (2013-11-01-11:44:04)]
[nuomi.commend: e (2013-11-01-11:44:45)]
[nuomi.commend: <items><item arg="儿童摄影" uid="0"><title>儿童摄影</title><subtitle /><icon>icon.png</icon></item><item arg="E雯" uid="1"><title>E雯</title><subtitle /><icon>icon.png</icon></item><item arg="阿一会馆" uid="2"><title>阿一会馆</title><subtitle /><icon>icon.png</icon></item><item arg="E票网" uid="3"><title>E票网</title><subtitle /><icon>icon.png</icon></item><item arg="E货" uid="4"><title>E货</title><subtitle /><icon>icon.png</icon></item><item arg="阿瑞玛" uid="5"><title>阿瑞玛</title><subtitle /><icon>icon.png</icon></item><item arg="二姐粤菜海鲜舫" uid="6"><title>二姐粤菜海鲜舫</title><subtitle /><icon>icon.png</icon></item><item arg="e朝阳" uid="7"><title>e朝阳</title><subtitle /><icon>icon.png</icon></item><item arg="俄丽娅清真面包坊" uid="8"><title>俄丽娅清真面包坊</title><subtitle /><icon>icon.png</icon></item></items> (2013-11-01-11:44:45)]
[nuomi.commend: False (2013-11-01-11:50:31)]
[nuomi.commend: <items><item arg="儿童摄影" uid="0"><title>儿童摄影</title><subtitle /><icon>icon.png</icon></item><item arg="E雯" uid="1"><title>E雯</title><subtitle /><icon>icon.png</icon></item><item arg="阿一会馆" uid="2"><title>阿一会馆</title><subtitle /><icon>icon.png</icon></item><item arg="E票网" uid="3"><title>E票网</title><subtitle /><icon>icon.png</icon></item><item arg="E货" uid="4"><title>E货</title><subtitle /><icon>icon.png</icon></item><item arg="阿瑞玛" uid="5"><title>阿瑞玛</title><subtitle /><icon>icon.png</icon></item><item arg="二姐粤菜海鲜舫" uid="6"><title>二姐粤菜海鲜舫</title><subtitle /><icon>icon.png</icon></item><item arg="e朝阳" uid="7"><title>e朝阳</title><subtitle /><icon>icon.png</icon></item><item arg="俄丽娅清真面包坊" uid="8"><title>俄丽娅清真面包坊</title><subtitle /><icon>icon.png</icon></item></items> (2013-11-01-11:50:31)]
[nuomi.commend: True (2013-11-01-11:52:16)]
[nuomi.commend: <items><item arg=" " uid="0"><title> </title><subtitle /><icon>icon.png</icon></item></items> (2013-11-01-11:52:16)]
[nuomi.commend: True (2013-11-01-11:53:33)]
[nuomi.commend: http://m.nuomi.com/client/gethotkeyword?cityid=100010000&limit=20&client=ios&version=3.2.0 (2013-11-01-11:53:33)]
[nuomi.commend: True (2013-11-01-11:54:01)]
[nuomi.commend: http://m.nuomi.com/client/gethotkeyword?cityid=100010000&limit=20&client=ios&version=3.2.0 (2013-11-01-11:54:01)]
[nuomi.commend: <items><item arg="ktv" uid="0"><title>ktv</title><subtitle /><icon>icon.png</icon></item><item arg="火锅" uid="1"><title>火锅</title><subtitle /><icon>icon.png</icon></item><item arg="自助餐" uid="2"><title>自助餐</title><subtitle /><icon>icon.png</icon></item><item arg="电影票" uid="3"><title>电影票</title><subtitle /><icon>icon.png</icon></item><item arg="旅游" uid="4"><title>旅游</title><subtitle /><icon>icon.png</icon></item><item arg="烧烤" uid="5"><title>烧烤</title><subtitle /><icon>icon.png</icon></item><item arg="日本料理" uid="6"><title>日本料理</title><subtitle /><icon>icon.png</icon></item><item arg="按摩" uid="7"><title>按摩</title><subtitle /><icon>icon.png</icon></item><item arg="欢乐谷" uid="8"><title>欢乐谷</title><subtitle /><icon>icon.png</icon></item></items> (2013-11-01-11:54:01)]
[nuomi.commend: False (2013-11-01-11:54:05)]
[nuomi.commend: http://m.nuomi.com/client/searchsuggest?k= e&cityid=100010000 (2013-11-01-11:54:05)]
[nuomi.commend: <items><item arg=" e" uid="0"><title> e</title><subtitle /><icon>icon.png</icon></item></items> (2013-11-01-11:54:05)]
[nuomi.commend: True (2013-11-01-11:54:33)]
[nuomi.commend: http://m.nuomi.com/client/gethotkeyword?cityid=100010000&limit=20&client=ios&version=3.2.0 (2013-11-01-11:54:33)]
[nuomi.commend: <items><item arg="ktv" uid="0"><title>ktv</title><subtitle /><icon>icon.png</icon></item><item arg="火锅" uid="1"><title>火锅</title><subtitle /><icon>icon.png</icon></item><item arg="自助餐" uid="2"><title>自助餐</title><subtitle /><icon>icon.png</icon></item><item arg="电影票" uid="3"><title>电影票</title><subtitle /><icon>icon.png</icon></item><item arg="旅游" uid="4"><title>旅游</title><subtitle /><icon>icon.png</icon></item><item arg="烧烤" uid="5"><title>烧烤</title><subtitle /><icon>icon.png</icon></item><item arg="日本料理" uid="6"><title>日本料理</title><subtitle /><icon>icon.png</icon></item><item arg="按摩" uid="7"><title>按摩</title><subtitle /><icon>icon.png</icon></item><item arg="欢乐谷" uid="8"><title>欢乐谷</title><subtitle /><icon>icon.png</icon></item></items> (2013-11-01-11:54:33)]
[nuomi.commend: False (2013-11-01-11:54:35)]
[nuomi.commend: http://m.nuomi.com/client/searchsuggest?k= e&cityid=100010000 (2013-11-01-11:54:35)]
[nuomi.commend: <items><item arg=" e" uid="0"><title> e</title><subtitle /><icon>icon.png</icon></item></items> (2013-11-01-11:54:35)]
[nuomi.commend: True (2013-11-01-12:00:09)]
[nuomi.commend: http://m.nuomi.com/client/gethotkeyword?cityid=100010000&limit=20&client=ios&version=3.2.0 (2013-11-01-12:00:09)]
[nuomi.commend: <items><item arg="ktv" uid="0"><title>ktv</title><subtitle /><icon>icon.png</icon></item><item arg="火锅" uid="1"><title>火锅</title><subtitle /><icon>icon.png</icon></item><item arg="自助餐" uid="2"><title>自助餐</title><subtitle /><icon>icon.png</icon></item><item arg="电影票" uid="3"><title>电影票</title><subtitle /><icon>icon.png</icon></item><item arg="旅游" uid="4"><title>旅游</title><subtitle /><icon>icon.png</icon></item><item arg="烧烤" uid="5"><title>烧烤</title><subtitle /><icon>icon.png</icon></item><item arg="日本料理" uid="6"><title>日本料理</title><subtitle /><icon>icon.png</icon></item><item arg="按摩" uid="7"><title>按摩</title><subtitle /><icon>icon.png</icon></item><item arg="欢乐谷" uid="8"><title>欢乐谷</title><subtitle /><icon>icon.png</icon></item></items> (2013-11-01-12:00:09)]
[nuomi.commend: False (2013-11-01-12:00:11)]
[nuomi.commend: http://m.nuomi.com/client/searchsuggest?k=e&cityid=100010000 (2013-11-01-12:00:11)]
[nuomi.commend: <items><item arg="儿童摄影" uid="0"><title>儿童摄影</title><subtitle /><icon>icon.png</icon></item><item arg="E雯" uid="1"><title>E雯</title><subtitle /><icon>icon.png</icon></item><item arg="阿一会馆" uid="2"><title>阿一会馆</title><subtitle /><icon>icon.png</icon></item><item arg="E票网" uid="3"><title>E票网</title><subtitle /><icon>icon.png</icon></item><item arg="E货" uid="4"><title>E货</title><subtitle /><icon>icon.png</icon></item><item arg="阿瑞玛" uid="5"><title>阿瑞玛</title><subtitle /><icon>icon.png</icon></item><item arg="二姐粤菜海鲜舫" uid="6"><title>二姐粤菜海鲜舫</title><subtitle /><icon>icon.png</icon></item><item arg="e朝阳" uid="7"><title>e朝阳</title><subtitle /><icon>icon.png</icon></item><item arg="俄丽娅清真面包坊" uid="8"><title>俄丽娅清真面包坊</title><subtitle /><icon>icon.png</icon></item></items> (2013-11-01-12:00:11)]
[nuomi.commend: True (2013-11-01-12:00:13)]
[nuomi.commend: http://m.nuomi.com/client/gethotkeyword?cityid=100010000&limit=20&client=ios&version=3.2.0 (2013-11-01-12:00:13)]
[nuomi.commend: <items><item arg="ktv" uid="0"><title>ktv</title><subtitle /><icon>icon.png</icon></item><item arg="火锅" uid="1"><title>火锅</title><subtitle /><icon>icon.png</icon></item><item arg="自助餐" uid="2"><title>自助餐</title><subtitle /><icon>icon.png</icon></item><item arg="电影票" uid="3"><title>电影票</title><subtitle /><icon>icon.png</icon></item><item arg="旅游" uid="4"><title>旅游</title><subtitle /><icon>icon.png</icon></item><item arg="烧烤" uid="5"><title>烧烤</title><subtitle /><icon>icon.png</icon></item><item arg="日本料理" uid="6"><title>日本料理</title><subtitle /><icon>icon.png</icon></item><item arg="按摩" uid="7"><title>按摩</title><subtitle /><icon>icon.png</icon></item><item arg="欢乐谷" uid="8"><title>欢乐谷</title><subtitle /><icon>icon.png</icon></item></items> (2013-11-01-12:00:13)]
[nuomi.commend: False (2013-11-01-12:00:14)]
[nuomi.commend: http://m.nuomi.com/client/searchsuggest?k=e&cityid=100010000 (2013-11-01-12:00:14)]
[nuomi.commend: <items><item arg="儿童摄影" uid="0"><title>儿童摄影</title><subtitle /><icon>icon.png</icon></item><item arg="E雯" uid="1"><title>E雯</title><subtitle /><icon>icon.png</icon></item><item arg="阿一会馆" uid="2"><title>阿一会馆</title><subtitle /><icon>icon.png</icon></item><item arg="E票网" uid="3"><title>E票网</title><subtitle /><icon>icon.png</icon></item><item arg="E货" uid="4"><title>E货</title><subtitle /><icon>icon.png</icon></item><item arg="阿瑞玛" uid="5"><title>阿瑞玛</title><subtitle /><icon>icon.png</icon></item><item arg="二姐粤菜海鲜舫" uid="6"><title>二姐粤菜海鲜舫</title><subtitle /><icon>icon.png</icon></item><item arg="e朝阳" uid="7"><title>e朝阳</title><subtitle /><icon>icon.png</icon></item><item arg="俄丽娅清真面包坊" uid="8"><title>俄丽娅清真面包坊</title><subtitle /><icon>icon.png</icon></item></items> (2013-11-01-12:00:15)]
[nuomi.commend: False (2013-11-01-12:00:16)]
[nuomi.commend: http://m.nuomi.com/client/searchsuggest?k=e&cityid=100010000 (2013-11-01-12:00:16)]
[nuomi.commend: <items><item arg="儿童摄影" uid="0"><title>儿童摄影</title><subtitle /><icon>icon.png</icon></item><item arg="E雯" uid="1"><title>E雯</title><subtitle /><icon>icon.png</icon></item><item arg="阿一会馆" uid="2"><title>阿一会馆</title><subtitle /><icon>icon.png</icon></item><item arg="E票网" uid="3"><title>E票网</title><subtitle /><icon>icon.png</icon></item><item arg="E货" uid="4"><title>E货</title><subtitle /><icon>icon.png</icon></item><item arg="阿瑞玛" uid="5"><title>阿瑞玛</title><subtitle /><icon>icon.png</icon></item><item arg="二姐粤菜海鲜舫" uid="6"><title>二姐粤菜海鲜舫</title><subtitle /><icon>icon.png</icon></item><item arg="e朝阳" uid="7"><title>e朝阳</title><subtitle /><icon>icon.png</icon></item><item arg="俄丽娅清真面包坊" uid="8"><title>俄丽娅清真面包坊</title><subtitle /><icon>icon.png</icon></item></items> (2013-11-01-12:00:16)]
[nuomi.commend: True (2013-11-01-12:00:17)]
[nuomi.commend: http://m.nuomi.com/client/gethotkeyword?cityid=100010000&limit=20&client=ios&version=3.2.0 (2013-11-01-12:00:17)]
[nuomi.commend: <items><item arg="ktv" uid="0"><title>ktv</title><subtitle /><icon>icon.png</icon></item><item arg="火锅" uid="1"><title>火锅</title><subtitle /><icon>icon.png</icon></item><item arg="自助餐" uid="2"><title>自助餐</title><subtitle /><icon>icon.png</icon></item><item arg="电影票" uid="3"><title>电影票</title><subtitle /><icon>icon.png</icon></item><item arg="旅游" uid="4"><title>旅游</title><subtitle /><icon>icon.png</icon></item><item arg="烧烤" uid="5"><title>烧烤</title><subtitle /><icon>icon.png</icon></item><item arg="日本料理" uid="6"><title>日本料理</title><subtitle /><icon>icon.png</icon></item><item arg="按摩" uid="7"><title>按摩</title><subtitle /><icon>icon.png</icon></item><item arg="欢乐谷" uid="8"><title>欢乐谷</title><subtitle /><icon>icon.png</icon></item></items> (2013-11-01-12:00:17)]
[nuomi.commend: True (2013-11-01-12:00:23)]
[nuomi.commend: http://m.nuomi.com/client/gethotkeyword?cityid=100010000&limit=20&client=ios&version=3.2.0 (2013-11-01-12:00:23)]
[nuomi.commend: <items><item arg="ktv" uid="0"><title>ktv</title><subtitle /><icon>icon.png</icon></item><item arg="火锅" uid="1"><title>火锅</title><subtitle /><icon>icon.png</icon></item><item arg="自助餐" uid="2"><title>自助餐</title><subtitle /><icon>icon.png</icon></item><item arg="电影票" uid="3"><title>电影票</title><subtitle /><icon>icon.png</icon></item><item arg="旅游" uid="4"><title>旅游</title><subtitle /><icon>icon.png</icon></item><item arg="烧烤" uid="5"><title>烧烤</title><subtitle /><icon>icon.png</icon></item><item arg="日本料理" uid="6"><title>日本料理</title><subtitle /><icon>icon.png</icon></item><item arg="按摩" uid="7"><title>按摩</title><subtitle /><icon>icon.png</icon></item><item arg="欢乐谷" uid="8"><title>欢乐谷</title><subtitle /><icon>icon.png</icon></item></items> (2013-11-01-12:00:23)]
[nuomi.commend: False (2013-11-01-12:00:28)]
[nuomi.commend: http://m.nuomi.com/client/searchsuggest?k=h&cityid=100010000 (2013-11-01-12:00:28)]
[nuomi.commend: <items><item arg="海德温泉酒店" uid="0"><title>海德温泉酒店</title><subtitle /><icon>icon.png</icon></item><item arg="HOLDLOVE" uid="1"><title>HOLDLOVE</title><subtitle /><icon>icon.png</icon></item><item arg="哈你蛋糕" uid="2"><title>哈你蛋糕</title><subtitle /><icon>icon.png</icon></item><item arg="哈迪斯" uid="3"><title>哈迪斯</title><subtitle /><icon>icon.png</icon></item><item arg="海昌极地海洋世界" uid="4"><title>海昌极地海洋世界</title><subtitle /><icon>icon.png</icon></item><item arg="HGE" uid="5"><title>HGE</title><subtitle /><icon>icon.png</icon></item><item arg="哈根达斯" uid="6"><title>哈根达斯</title><subtitle /><icon>icon.png</icon></item><item arg="哈萝冰淇淋简餐店" uid="7"><title>哈萝冰淇淋简餐店</title><subtitle /><icon>icon.png</icon></item><item arg="海底捞" uid="8"><title>海底捞</title><subtitle /><icon>icon.png</icon></item></items> (2013-11-01-12:00:28)]
[nuomi.commend: False (2013-11-01-12:00:29)]
[nuomi.commend: http://m.nuomi.com/client/searchsuggest?k=hu&cityid=100010000 (2013-11-01-12:00:29)]
[nuomi.commend: <items><item arg="和平里" uid="0"><title>和平里</title><subtitle /><icon>icon.png</icon></item><item arg="虎坊桥" uid="1"><title>虎坊桥</title><subtitle /><icon>icon.png</icon></item><item arg="和平门" uid="2"><title>和平门</title><subtitle /><icon>icon.png</icon></item><item arg="湖北菜" uid="3"><title>湖北菜</title><subtitle /><icon>icon.png</icon></item><item arg="和家宾馆" uid="4"><title>和家宾馆</title><subtitle /><icon>icon.png</icon></item><item arg="和颐酒店" uid="5"><title>和颐酒店</title><subtitle /><icon>icon.png</icon></item><item arg="沪景园" uid="6"><title>沪景园</title><subtitle /><icon>icon.png</icon></item><item arg="和晶日本料理" uid="7"><title>和晶日本料理</title><subtitle /><icon>icon.png</icon></item><item arg="呼西贝" uid="8"><title>呼西贝</title><subtitle /><icon>icon.png</icon></item></items> (2013-11-01-12:00:29)]
[nuomi.commend: False (2013-11-01-12:00:31)]
[nuomi.commend: http://m.nuomi.com/client/searchsuggest?k=hua&cityid=100010000 (2013-11-01-12:00:31)]
[nuomi.commend: <items><item arg="华夏良子" uid="0"><title>华夏良子</title><subtitle /><icon>icon.png</icon></item><item arg="话剧" uid="1"><title>话剧</title><subtitle /><icon>icon.png</icon></item><item arg="花花公子" uid="2"><title>花花公子</title><subtitle /><icon>icon.png</icon></item><item arg="花木兰" uid="3"><title>花木兰</title><subtitle /><icon>icon.png</icon></item><item arg="华膳园温泉饭店" uid="4"><title>华膳园温泉饭店</title><subtitle /><icon>icon.png</icon></item><item arg="华都修脚" uid="5"><title>华都修脚</title><subtitle /><icon>icon.png</icon></item><item arg="华伦世家" uid="6"><title>华伦世家</title><subtitle /><icon>icon.png</icon></item><item arg="花蝶日本料理" uid="7"><title>花蝶日本料理</title><subtitle /><icon>icon.png</icon></item><item arg="花渡铁板烧" uid="8"><title>花渡铁板烧</title><subtitle /><icon>icon.png</icon></item></items> (2013-11-01-12:00:31)]
[nuomi.commend: False (2013-11-01-12:00:31)]
[nuomi.commend: http://m.nuomi.com/client/searchsuggest?k=huan&cityid=100010000 (2013-11-01-12:00:31)]
[nuomi.commend: <items><item arg="黄村" uid="0"><title>黄村</title><subtitle /><icon>icon.png</icon></item><item arg="黄记煌三汁焖锅" uid="1"><title>黄记煌三汁焖锅</title><subtitle /><icon>icon.png</icon></item><item arg="欢乐汇量贩KTV" uid="2"><title>欢乐汇量贩KTV</title><subtitle /><icon>icon.png</icon></item><item arg="皇家慕喜" uid="3"><title>皇家慕喜</title><subtitle /><icon>icon.png</icon></item><item arg="欢乐口腔" uid="4"><title>欢乐口腔</title><subtitle /><icon>icon.png</icon></item><item arg="皖湘府" uid="5"><title>皖湘府</title><subtitle /><icon>icon.png</icon></item><item arg="皇家大道" uid="6"><title>皇家大道</title><subtitle /><icon>icon.png</icon></item><item arg="欢乐杰巴西烤肉" uid="7"><title>欢乐杰巴西烤肉</title><subtitle /><icon>icon.png</icon></item><item arg="黄飞红" uid="8"><title>黄飞红</title><subtitle /><icon>icon.png</icon></item></items> (2013-11-01-12:00:31)]
[nuomi.commend: False (2013-11-01-12:00:32)]
[nuomi.commend: http://m.nuomi.com/client/searchsuggest?k=huanl&cityid=100010000 (2013-11-01-12:00:32)]
[nuomi.commend: <items><item arg="欢乐汇量贩KTV" uid="0"><title>欢乐汇量贩KTV</title><subtitle /><icon>icon.png</icon></item><item arg="欢乐口腔" uid="1"><title>欢乐口腔</title><subtitle /><icon>icon.png</icon></item><item arg="欢乐杰巴西烤肉" uid="2"><title>欢乐杰巴西烤肉</title><subtitle /><icon>icon.png</icon></item></items> (2013-11-01-12:00:32)]
[nuomi.commend: False (2013-11-01-12:00:33)]
[nuomi.commend: http://m.nuomi.com/client/searchsuggest?k=huanle&cityid=100010000 (2013-11-01-12:00:33)]
[nuomi.commend: <items><item arg="欢乐汇量贩KTV" uid="0"><title>欢乐汇量贩KTV</title><subtitle /><icon>icon.png</icon></item><item arg="欢乐口腔" uid="1"><title>欢乐口腔</title><subtitle /><icon>icon.png</icon></item><item arg="欢乐杰巴西烤肉" uid="2"><title>欢乐杰巴西烤肉</title><subtitle /><icon>icon.png</icon></item></items> (2013-11-01-12:00:33)]
[nuomi.commend: False (2013-11-01-12:00:34)]
[nuomi.commend: http://m.nuomi.com/client/searchsuggest?k=huanl&cityid=100010000 (2013-11-01-12:00:34)]
[nuomi.commend: <items><item arg="欢乐汇量贩KTV" uid="0"><title>欢乐汇量贩KTV</title><subtitle /><icon>icon.png</icon></item><item arg="欢乐口腔" uid="1"><title>欢乐口腔</title><subtitle /><icon>icon.png</icon></item><item arg="欢乐杰巴西烤肉" uid="2"><title>欢乐杰巴西烤肉</title><subtitle /><icon>icon.png</icon></item></items> (2013-11-01-12:00:34)]
[nuomi.commend: False (2013-11-01-12:00:35)]
[nuomi.commend: http://m.nuomi.com/client/searchsuggest?k=hu&cityid=100010000 (2013-11-01-12:00:35)]
[nuomi.commend: <items><item arg="和平里" uid="0"><title>和平里</title><subtitle /><icon>icon.png</icon></item><item arg="虎坊桥" uid="1"><title>虎坊桥</title><subtitle /><icon>icon.png</icon></item><item arg="和平门" uid="2"><title>和平门</title><subtitle /><icon>icon.png</icon></item><item arg="湖北菜" uid="3"><title>湖北菜</title><subtitle /><icon>icon.png</icon></item><item arg="和家宾馆" uid="4"><title>和家宾馆</title><subtitle /><icon>icon.png</icon></item><item arg="和颐酒店" uid="5"><title>和颐酒店</title><subtitle /><icon>icon.png</icon></item><item arg="沪景园" uid="6"><title>沪景园</title><subtitle /><icon>icon.png</icon></item><item arg="和晶日本料理" uid="7"><title>和晶日本料理</title><subtitle /><icon>icon.png</icon></item><item arg="呼西贝" uid="8"><title>呼西贝</title><subtitle /><icon>icon.png</icon></item></items> (2013-11-01-12:00:35)]
[nuomi.commend: True (2013-11-01-12:00:36)]
[nuomi.commend: http://m.nuomi.com/client/gethotkeyword?cityid=100010000&limit=20&client=ios&version=3.2.0 (2013-11-01-12:00:36)]
[nuomi.commend: <items><item arg="ktv" uid="0"><title>ktv</title><subtitle /><icon>icon.png</icon></item><item arg="火锅" uid="1"><title>火锅</title><subtitle /><icon>icon.png</icon></item><item arg="自助餐" uid="2"><title>自助餐</title><subtitle /><icon>icon.png</icon></item><item arg="电影票" uid="3"><title>电影票</title><subtitle /><icon>icon.png</icon></item><item arg="旅游" uid="4"><title>旅游</title><subtitle /><icon>icon.png</icon></item><item arg="烧烤" uid="5"><title>烧烤</title><subtitle /><icon>icon.png</icon></item><item arg="日本料理" uid="6"><title>日本料理</title><subtitle /><icon>icon.png</icon></item><item arg="按摩" uid="7"><title>按摩</title><subtitle /><icon>icon.png</icon></item><item arg="欢乐谷" uid="8"><title>欢乐谷</title><subtitle /><icon>icon.png</icon></item></items> (2013-11-01-12:00:36)]
[nuomi.commend: True (2013-11-01-12:01:33)]
[nuomi.commend: http://m.nuomi.com/client/gethotkeyword?cityid=100010000&limit=20&client=ios&version=3.2.0 (2013-11-01-12:01:33)]
[nuomi.commend: <items><item arg="ktv" uid="0"><title>ktv</title><subtitle /><icon>icon.png</icon></item><item arg="火锅" uid="1"><title>火锅</title><subtitle /><icon>icon.png</icon></item><item arg="自助餐" uid="2"><title>自助餐</title><subtitle /><icon>icon.png</icon></item><item arg="电影票" uid="3"><title>电影票</title><subtitle /><icon>icon.png</icon></item><item arg="旅游" uid="4"><title>旅游</title><subtitle /><icon>icon.png</icon></item><item arg="烧烤" uid="5"><title>烧烤</title><subtitle /><icon>icon.png</icon></item><item arg="日本料理" uid="6"><title>日本料理</title><subtitle /><icon>icon.png</icon></item><item arg="按摩" uid="7"><title>按摩</title><subtitle /><icon>icon.png</icon></item><item arg="欢乐谷" uid="8"><title>欢乐谷</title><subtitle /><icon>icon.png</icon></item></items> (2013-11-01-12:01:33)]
[nuomi.commend: False (2013-11-01-12:01:41)]
[nuomi.commend: http://m.nuomi.com/client/searchsuggest?k=h&cityid=100010000 (2013-11-01-12:01:41)]
[nuomi.commend: <items><item arg="海德温泉酒店" uid="0"><title>海德温泉酒店</title><subtitle /><icon>icon.png</icon></item><item arg="HOLDLOVE" uid="1"><title>HOLDLOVE</title><subtitle /><icon>icon.png</icon></item><item arg="哈你蛋糕" uid="2"><title>哈你蛋糕</title><subtitle /><icon>icon.png</icon></item><item arg="哈迪斯" uid="3"><title>哈迪斯</title><subtitle /><icon>icon.png</icon></item><item arg="海昌极地海洋世界" uid="4"><title>海昌极地海洋世界</title><subtitle /><icon>icon.png</icon></item><item arg="HGE" uid="5"><title>HGE</title><subtitle /><icon>icon.png</icon></item><item arg="哈根达斯" uid="6"><title>哈根达斯</title><subtitle /><icon>icon.png</icon></item><item arg="哈萝冰淇淋简餐店" uid="7"><title>哈萝冰淇淋简餐店</title><subtitle /><icon>icon.png</icon></item><item arg="海底捞" uid="8"><title>海底捞</title><subtitle /><icon>icon.png</icon></item></items> (2013-11-01-12:01:41)]
[nuomi.commend: False (2013-11-01-12:01:43)]
[nuomi.commend: http://m.nuomi.com/client/searchsuggest?k=he&cityid=100010000 (2013-11-01-12:01:43)]
[nuomi.commend: <items><item arg="和平里" uid="0"><title>和平里</title><subtitle /><icon>icon.png</icon></item><item arg="和平门" uid="1"><title>和平门</title><subtitle /><icon>icon.png</icon></item><item arg="和家宾馆" uid="2"><title>和家宾馆</title><subtitle /><icon>icon.png</icon></item><item arg="和颐酒店" uid="3"><title>和颐酒店</title><subtitle /><icon>icon.png</icon></item><item arg="荷塘月色" uid="4"><title>荷塘月色</title><subtitle /><icon>icon.png</icon></item><item arg="和悦宾馆" uid="5"><title>和悦宾馆</title><subtitle /><icon>icon.png</icon></item><item arg="赫哲渔会馆" uid="6"><title>赫哲渔会馆</title><subtitle /><icon>icon.png</icon></item><item arg="和晶日本料理" uid="7"><title>和晶日本料理</title><subtitle /><icon>icon.png</icon></item><item arg="禾木烤肉" uid="8"><title>禾木烤肉</title><subtitle /><icon>icon.png</icon></item></items> (2013-11-01-12:01:43)]
[nuomi.commend: True (2013-11-01-12:02:20)]
[nuomi.commend: http://m.nuomi.com/client/gethotkeyword?cityid=100010000&limit=20&client=ios&version=3.2.0 (2013-11-01-12:02:20)]
[nuomi.commend: <items><item arg="ktv" uid="0"><title>ktv</title><subtitle /><icon>icon.png</icon></item><item arg="火锅" uid="1"><title>火锅</title><subtitle /><icon>icon.png</icon></item><item arg="自助餐" uid="2"><title>自助餐</title><subtitle /><icon>icon.png</icon></item><item arg="电影票" uid="3"><title>电影票</title><subtitle /><icon>icon.png</icon></item><item arg="旅游" uid="4"><title>旅游</title><subtitle /><icon>icon.png</icon></item><item arg="烧烤" uid="5"><title>烧烤</title><subtitle /><icon>icon.png</icon></item><item arg="日本料理" uid="6"><title>日本料理</title><subtitle /><icon>icon.png</icon></item><item arg="按摩" uid="7"><title>按摩</title><subtitle /><icon>icon.png</icon></item><item arg="欢乐谷" uid="8"><title>欢乐谷</title><subtitle /><icon>icon.png</icon></item></items> (2013-11-01-12:02:21)]
[nuomi.commend: False (2013-11-01-12:02:22)]
[nuomi.commend: http://m.nuomi.com/client/searchsuggest?k=w&cityid=100010000 (2013-11-01-12:02:22)]
[nuomi.commend: <items><item arg="万柳" uid="0"><title>万柳</title><subtitle /><icon>icon.png</icon></item><item arg="W.Rain" uid="1"><title>W.Rain</title><subtitle /><icon>icon.png</icon></item><item arg="万达铂尔曼大饭店橙餐厅" uid="2"><title>万达铂尔曼大饭店橙餐厅</title><subtitle /><icon>icon.png</icon></item><item arg="w.rain" uid="3"><title>w.rain</title><subtitle /><icon>icon.png</icon></item><item arg="welfare" uid="4"><title>welfare</title><subtitle /><icon>icon.png</icon></item><item arg="万方豆捞" uid="5"><title>万方豆捞</title><subtitle /><icon>icon.png</icon></item><item arg="万豪咖啡厅" uid="6"><title>万豪咖啡厅</title><subtitle /><icon>icon.png</icon></item><item arg="万万方巴西烤肉" uid="7"><title>万万方巴西烤肉</title><subtitle /><icon>icon.png</icon></item><item arg="万商花园酒店" uid="8"><title>万商花园酒店</title><subtitle /><icon>icon.png</icon></item></items> (2013-11-01-12:02:22)]
[nuomi.commend: True (2013-11-01-12:02:23)]
[nuomi.commend: http://m.nuomi.com/client/gethotkeyword?cityid=100010000&limit=20&client=ios&version=3.2.0 (2013-11-01-12:02:23)]
[nuomi.commend: <items><item arg="ktv" uid="0"><title>ktv</title><subtitle /><icon>icon.png</icon></item><item arg="火锅" uid="1"><title>火锅</title><subtitle /><icon>icon.png</icon></item><item arg="自助餐" uid="2"><title>自助餐</title><subtitle /><icon>icon.png</icon></item><item arg="电影票" uid="3"><title>电影票</title><subtitle /><icon>icon.png</icon></item><item arg="旅游" uid="4"><title>旅游</title><subtitle /><icon>icon.png</icon></item><item arg="烧烤" uid="5"><title>烧烤</title><subtitle /><icon>icon.png</icon></item><item arg="日本料理" uid="6"><title>日本料理</title><subtitle /><icon>icon.png</icon></item><item arg="按摩" uid="7"><title>按摩</title><subtitle /><icon>icon.png</icon></item><item arg="欢乐谷" uid="8"><title>欢乐谷</title><subtitle /><icon>icon.png</icon></item></items> (2013-11-01-12:02:23)]
[nuomi.commend: False (2013-11-01-12:02:24)]
[nuomi.commend: http://m.nuomi.com/client/searchsuggest?k=z&cityid=100010000 (2013-11-01-12:02:24)]
[nuomi.commend: <items><item arg="朝外大街" uid="0"><title>朝外大街</title><subtitle /><icon>icon.png</icon></item><item arg="朝阳大悦城" uid="1"><title>朝阳大悦城</title><subtitle /><icon>icon.png</icon></item><item arg="朝阳公园" uid="2"><title>朝阳公园</title><subtitle /><icon>icon.png</icon></item><item arg="占美盛宴" uid="3"><title>占美盛宴</title><subtitle /><icon>icon.png</icon></item><item arg="展览" uid="4"><title>展览</title><subtitle /><icon>icon.png</icon></item><item arg="兆吉" uid="5"><title>兆吉</title><subtitle /><icon>icon.png</icon></item><item arg="照片冲印" uid="6"><title>照片冲印</title><subtitle /><icon>icon.png</icon></item><item arg="ZCX" uid="7"><title>ZCX</title><subtitle /><icon>icon.png</icon></item><item arg="ZD美甲" uid="8"><title>ZD美甲</title><subtitle /><icon>icon.png</icon></item></items> (2013-11-01-12:02:24)]
[nuomi.commend: True (2013-11-01-12:02:25)]
[nuomi.commend: http://m.nuomi.com/client/gethotkeyword?cityid=100010000&limit=20&client=ios&version=3.2.0 (2013-11-01-12:02:25)]
[nuomi.commend: <items><item arg="ktv" uid="0"><title>ktv</title><subtitle /><icon>icon.png</icon></item><item arg="火锅" uid="1"><title>火锅</title><subtitle /><icon>icon.png</icon></item><item arg="自助餐" uid="2"><title>自助餐</title><subtitle /><icon>icon.png</icon></item><item arg="电影票" uid="3"><title>电影票</title><subtitle /><icon>icon.png</icon></item><item arg="旅游" uid="4"><title>旅游</title><subtitle /><icon>icon.png</icon></item><item arg="烧烤" uid="5"><title>烧烤</title><subtitle /><icon>icon.png</icon></item><item arg="日本料理" uid="6"><title>日本料理</title><subtitle /><icon>icon.png</icon></item><item arg="按摩" uid="7"><title>按摩</title><subtitle /><icon>icon.png</icon></item><item arg="欢乐谷" uid="8"><title>欢乐谷</title><subtitle /><icon>icon.png</icon></item></items> (2013-11-01-12:02:25)]
[nuomi.commend: True (2013-11-01-12:03:19)]
[nuomi.commend: http://m.nuomi.com/client/gethotkeyword?cityid=100010000&limit=20&client=ios&version=3.2.0 (2013-11-01-12:03:19)]
[nuomi.commend: <items><item arg="ktv" uid="0"><title>ktv</title><subtitle /><icon>icon.png</icon></item><item arg="火锅" uid="1"><title>火锅</title><subtitle /><icon>icon.png</icon></item><item arg="自助餐" uid="2"><title>自助餐</title><subtitle /><icon>icon.png</icon></item><item arg="电影票" uid="3"><title>电影票</title><subtitle /><icon>icon.png</icon></item><item arg="旅游" uid="4"><title>旅游</title><subtitle /><icon>icon.png</icon></item><item arg="烧烤" uid="5"><title>烧烤</title><subtitle /><icon>icon.png</icon></item><item arg="日本料理" uid="6"><title>日本料理</title><subtitle /><icon>icon.png</icon></item><item arg="按摩" uid="7"><title>按摩</title><subtitle /><icon>icon.png</icon></item><item arg="欢乐谷" uid="8"><title>欢乐谷</title><subtitle /><icon>icon.png</icon></item></items> (2013-11-01-12:03:19)]
[nuomi.commend: False (2013-11-01-12:03:24)]
[nuomi.commend: http://m.nuomi.com/client/searchsuggest?k=e&cityid=100010000 (2013-11-01-12:03:24)]
[nuomi.commend: <items><item arg="儿童摄影" uid="0"><title>儿童摄影</title><subtitle /><icon>icon.png</icon></item><item arg="E雯" uid="1"><title>E雯</title><subtitle /><icon>icon.png</icon></item><item arg="阿一会馆" uid="2"><title>阿一会馆</title><subtitle /><icon>icon.png</icon></item><item arg="E票网" uid="3"><title>E票网</title><subtitle /><icon>icon.png</icon></item><item arg="E货" uid="4"><title>E货</title><subtitle /><icon>icon.png</icon></item><item arg="阿瑞玛" uid="5"><title>阿瑞玛</title><subtitle /><icon>icon.png</icon></item><item arg="二姐粤菜海鲜舫" uid="6"><title>二姐粤菜海鲜舫</title><subtitle /><icon>icon.png</icon></item><item arg="e朝阳" uid="7"><title>e朝阳</title><subtitle /><icon>icon.png</icon></item><item arg="俄丽娅清真面包坊" uid="8"><title>俄丽娅清真面包坊</title><subtitle /><icon>icon.png</icon></item></items> (2013-11-01-12:03:24)]
[nuomi.commend: True (2013-11-01-12:03:26)]
[nuomi.commend: http://m.nuomi.com/client/gethotkeyword?cityid=100010000&limit=20&client=ios&version=3.2.0 (2013-11-01-12:03:26)]
[nuomi.commend: <items><item arg="ktv" uid="0"><title>ktv</title><subtitle /><icon>icon.png</icon></item><item arg="火锅" uid="1"><title>火锅</title><subtitle /><icon>icon.png</icon></item><item arg="自助餐" uid="2"><title>自助餐</title><subtitle /><icon>icon.png</icon></item><item arg="电影票" uid="3"><title>电影票</title><subtitle /><icon>icon.png</icon></item><item arg="旅游" uid="4"><title>旅游</title><subtitle /><icon>icon.png</icon></item><item arg="烧烤" uid="5"><title>烧烤</title><subtitle /><icon>icon.png</icon></item><item arg="日本料理" uid="6"><title>日本料理</title><subtitle /><icon>icon.png</icon></item><item arg="按摩" uid="7"><title>按摩</title><subtitle /><icon>icon.png</icon></item><item arg="欢乐谷" uid="8"><title>欢乐谷</title><subtitle /><icon>icon.png</icon></item></items> (2013-11-01-12:03:26)]
[nuomi.commend: False (2013-11-01-12:03:27)]
[nuomi.commend: http://m.nuomi.com/client/searchsuggest?k=n&cityid=100010000 (2013-11-01-12:03:27)]
[nuomi.commend: <items><item arg="南锣鼓巷" uid="0"><title>南锣鼓巷</title><subtitle /><icon>icon.png</icon></item><item arg="南极人" uid="1"><title>南极人</title><subtitle /><icon>icon.png</icon></item><item arg="南口" uid="2"><title>南口</title><subtitle /><icon>icon.png</icon></item><item arg="南宫温泉酒店" uid="3"><title>南宫温泉酒店</title><subtitle /><icon>icon.png</icon></item><item arg="拿渡麻辣香锅" uid="4"><title>拿渡麻辣香锅</title><subtitle /><icon>icon.png</icon></item><item arg="NIKE耐克" uid="5"><title>NIKE耐克</title><subtitle /><icon>icon.png</icon></item><item arg="拿渡" uid="6"><title>拿渡</title><subtitle /><icon>icon.png</icon></item><item arg="南宫温泉度假村" uid="7"><title>南宫温泉度假村</title><subtitle /><icon>icon.png</icon></item><item arg="娜美滋" uid="8"><title>娜美滋</title><subtitle /><icon>icon.png</icon></item></items> (2013-11-01-12:03:27)]
[nuomi.commend: False (2013-11-01-12:03:28)]
[nuomi.commend: http://m.nuomi.com/client/searchsuggest?k=nm&cityid=100010000 (2013-11-01-12:03:28)]
[nuomi.commend: <items><item arg="糯米优选" uid="0"><title>糯米优选</title><subtitle /><icon>icon.png</icon></item><item arg="内蒙菜" uid="1"><title>内蒙菜</title><subtitle /><icon>icon.png</icon></item><item arg="娜美滋" uid="2"><title>娜美滋</title><subtitle /><icon>icon.png</icon></item><item arg="糯米网" uid="3"><title>糯米网</title><subtitle /><icon>icon.png</icon></item></items> (2013-11-01-12:03:28)]
[nuomi.commend: False (2013-11-01-12:03:30)]
[nuomi.commend: http://m.nuomi.com/client/searchsuggest?k=n&cityid=100010000 (2013-11-01-12:03:30)]
[nuomi.commend: <items><item arg="南锣鼓巷" uid="0"><title>南锣鼓巷</title><subtitle /><icon>icon.png</icon></item><item arg="南极人" uid="1"><title>南极人</title><subtitle /><icon>icon.png</icon></item><item arg="南口" uid="2"><title>南口</title><subtitle /><icon>icon.png</icon></item><item arg="南宫温泉酒店" uid="3"><title>南宫温泉酒店</title><subtitle /><icon>icon.png</icon></item><item arg="拿渡麻辣香锅" uid="4"><title>拿渡麻辣香锅</title><subtitle /><icon>icon.png</icon></item><item arg="NIKE耐克" uid="5"><title>NIKE耐克</title><subtitle /><icon>icon.png</icon></item><item arg="拿渡" uid="6"><title>拿渡</title><subtitle /><icon>icon.png</icon></item><item arg="南宫温泉度假村" uid="7"><title>南宫温泉度假村</title><subtitle /><icon>icon.png</icon></item><item arg="娜美滋" uid="8"><title>娜美滋</title><subtitle /><icon>icon.png</icon></item></items> (2013-11-01-12:03:30)]
[nuomi.commend: True (2013-11-01-12:03:30)]
[nuomi.commend: http://m.nuomi.com/client/gethotkeyword?cityid=100010000&limit=20&client=ios&version=3.2.0 (2013-11-01-12:03:30)]
[nuomi.commend: <items><item arg="ktv" uid="0"><title>ktv</title><subtitle /><icon>icon.png</icon></item><item arg="火锅" uid="1"><title>火锅</title><subtitle /><icon>icon.png</icon></item><item arg="自助餐" uid="2"><title>自助餐</title><subtitle /><icon>icon.png</icon></item><item arg="电影票" uid="3"><title>电影票</title><subtitle /><icon>icon.png</icon></item><item arg="旅游" uid="4"><title>旅游</title><subtitle /><icon>icon.png</icon></item><item arg="烧烤" uid="5"><title>烧烤</title><subtitle /><icon>icon.png</icon></item><item arg="日本料理" uid="6"><title>日本料理</title><subtitle /><icon>icon.png</icon></item><item arg="按摩" uid="7"><title>按摩</title><subtitle /><icon>icon.png</icon></item><item arg="欢乐谷" uid="8"><title>欢乐谷</title><subtitle /><icon>icon.png</icon></item></items> (2013-11-01-12:03:30)]
[nuomi.commend: False (2013-11-01-12:03:31)]
[nuomi.commend: http://m.nuomi.com/client/searchsuggest?k=w&cityid=100010000 (2013-11-01-12:03:32)]
[nuomi.commend: <items><item arg="万柳" uid="0"><title>万柳</title><subtitle /><icon>icon.png</icon></item><item arg="W.Rain" uid="1"><title>W.Rain</title><subtitle /><icon>icon.png</icon></item><item arg="万达铂尔曼大饭店橙餐厅" uid="2"><title>万达铂尔曼大饭店橙餐厅</title><subtitle /><icon>icon.png</icon></item><item arg="w.rain" uid="3"><title>w.rain</title><subtitle /><icon>icon.png</icon></item><item arg="welfare" uid="4"><title>welfare</title><subtitle /><icon>icon.png</icon></item><item arg="万方豆捞" uid="5"><title>万方豆捞</title><subtitle /><icon>icon.png</icon></item><item arg="万豪咖啡厅" uid="6"><title>万豪咖啡厅</title><subtitle /><icon>icon.png</icon></item><item arg="万万方巴西烤肉" uid="7"><title>万万方巴西烤肉</title><subtitle /><icon>icon.png</icon></item><item arg="万商花园酒店" uid="8"><title>万商花园酒店</title><subtitle /><icon>icon.png</icon></item></items> (2013-11-01-12:03:32)]
[nuomi.commend: True (2013-11-01-12:03:33)]
[nuomi.commend: http://m.nuomi.com/client/gethotkeyword?cityid=100010000&limit=20&client=ios&version=3.2.0 (2013-11-01-12:03:33)]
[nuomi.commend: <items><item arg="ktv" uid="0"><title>ktv</title><subtitle /><icon>icon.png</icon></item><item arg="火锅" uid="1"><title>火锅</title><subtitle /><icon>icon.png</icon></item><item arg="自助餐" uid="2"><title>自助餐</title><subtitle /><icon>icon.png</icon></item><item arg="电影票" uid="3"><title>电影票</title><subtitle /><icon>icon.png</icon></item><item arg="旅游" uid="4"><title>旅游</title><subtitle /><icon>icon.png</icon></item><item arg="烧烤" uid="5"><title>烧烤</title><subtitle /><icon>icon.png</icon></item><item arg="日本料理" uid="6"><title>日本料理</title><subtitle /><icon>icon.png</icon></item><item arg="按摩" uid="7"><title>按摩</title><subtitle /><icon>icon.png</icon></item><item arg="欢乐谷" uid="8"><title>欢乐谷</title><subtitle /><icon>icon.png</icon></item></items> (2013-11-01-12:03:33)]
[nuomi.commend: False (2013-11-01-12:03:35)]
[nuomi.commend: http://m.nuomi.com/client/searchsuggest?k=z&cityid=100010000 (2013-11-01-12:03:35)]
[nuomi.commend: <items><item arg="朝外大街" uid="0"><title>朝外大街</title><subtitle /><icon>icon.png</icon></item><item arg="朝阳大悦城" uid="1"><title>朝阳大悦城</title><subtitle /><icon>icon.png</icon></item><item arg="朝阳公园" uid="2"><title>朝阳公园</title><subtitle /><icon>icon.png</icon></item><item arg="占美盛宴" uid="3"><title>占美盛宴</title><subtitle /><icon>icon.png</icon></item><item arg="展览" uid="4"><title>展览</title><subtitle /><icon>icon.png</icon></item><item arg="兆吉" uid="5"><title>兆吉</title><subtitle /><icon>icon.png</icon></item><item arg="照片冲印" uid="6"><title>照片冲印</title><subtitle /><icon>icon.png</icon></item><item arg="ZCX" uid="7"><title>ZCX</title><subtitle /><icon>icon.png</icon></item><item arg="ZD美甲" uid="8"><title>ZD美甲</title><subtitle /><icon>icon.png</icon></item></items> (2013-11-01-12:03:35)]
[nuomi.commend: False (2013-11-01-12:03:36)]
[nuomi.commend: http://m.nuomi.com/client/searchsuggest?k=zi&cityid=100010000 (2013-11-01-12:03:36)]
[nuomi.commend: <items><item arg="紫菩提" uid="0"><title>紫菩提</title><subtitle /><icon>icon.png</icon></item><item arg="紫薇天悦公寓" uid="1"><title>紫薇天悦公寓</title><subtitle /><icon>icon.png</icon></item><item arg="子午堂养生会馆" uid="2"><title>子午堂养生会馆</title><subtitle /><icon>icon.png</icon></item><item arg="自由城" uid="3"><title>自由城</title><subtitle /><icon>icon.png</icon></item><item arg="紫园食府" uid="4"><title>紫园食府</title><subtitle /><icon>icon.png</icon></item><item arg="自动上水壶套装" uid="5"><title>自动上水壶套装</title><subtitle /><icon>icon.png</icon></item><item arg="紫然" uid="6"><title>紫然</title><subtitle /><icon>icon.png</icon></item><item arg="自然美SPA连锁" uid="7"><title>自然美SPA连锁</title><subtitle /><icon>icon.png</icon></item><item arg="紫怡情美容中心" uid="8"><title>紫怡情美容中心</title><subtitle /><icon>icon.png</icon></item></items> (2013-11-01-12:03:36)]
[nuomi.commend: False (2013-11-01-12:03:37)]
[nuomi.commend: http://m.nuomi.com/client/searchsuggest?k=ziz&cityid=100010000 (2013-11-01-12:03:37)]
[nuomi.commend: <items><item arg="自助餐" uid="0"><title>自助餐</title><subtitle /><icon>icon.png</icon></item><item arg="紫竹桥" uid="1"><title>紫竹桥</title><subtitle /><icon>icon.png</icon></item><item arg="自在仁" uid="2"><title>自在仁</title><subtitle /><icon>icon.png</icon></item><item arg="紫竹花园游泳馆" uid="3"><title>紫竹花园游泳馆</title><subtitle /><icon>icon.png</icon></item></items> (2013-11-01-12:03:37)]
[nuomi.commend: False (2013-11-01-12:03:38)]
[nuomi.commend: http://m.nuomi.com/client/searchsuggest?k=zizhu&cityid=100010000 (2013-11-01-12:03:38)]
[nuomi.commend: <items><item arg="自助餐" uid="0"><title>自助餐</title><subtitle /><icon>icon.png</icon></item><item arg="紫竹桥" uid="1"><title>紫竹桥</title><subtitle /><icon>icon.png</icon></item><item arg="紫竹花园游泳馆" uid="2"><title>紫竹花园游泳馆</title><subtitle /><icon>icon.png</icon></item></items> (2013-11-01-12:03:38)]
[nuomi.commend: False (2013-11-01-12:03:40)]
[nuomi.commend: http://m.nuomi.com/client/searchsuggest?k=zizh&cityid=100010000 (2013-11-01-12:03:40)]
[nuomi.commend: <items><item arg="自助餐" uid="0"><title>自助餐</title><subtitle /><icon>icon.png</icon></item><item arg="紫竹桥" uid="1"><title>紫竹桥</title><subtitle /><icon>icon.png</icon></item><item arg="紫竹花园游泳馆" uid="2"><title>紫竹花园游泳馆</title><subtitle /><icon>icon.png</icon></item></items> (2013-11-01-12:03:40)]
[nuomi.commend: False (2013-11-01-12:03:41)]
[nuomi.commend: http://m.nuomi.com/client/searchsuggest?k=z&cityid=100010000 (2013-11-01-12:03:41)]
[nuomi.commend: <items><item arg="朝外大街" uid="0"><title>朝外大街</title><subtitle /><icon>icon.png</icon></item><item arg="朝阳大悦城" uid="1"><title>朝阳大悦城</title><subtitle /><icon>icon.png</icon></item><item arg="朝阳公园" uid="2"><title>朝阳公园</title><subtitle /><icon>icon.png</icon></item><item arg="占美盛宴" uid="3"><title>占美盛宴</title><subtitle /><icon>icon.png</icon></item><item arg="展览" uid="4"><title>展览</title><subtitle /><icon>icon.png</icon></item><item arg="兆吉" uid="5"><title>兆吉</title><subtitle /><icon>icon.png</icon></item><item arg="照片冲印" uid="6"><title>照片冲印</title><subtitle /><icon>icon.png</icon></item><item arg="ZCX" uid="7"><title>ZCX</title><subtitle /><icon>icon.png</icon></item><item arg="ZD美甲" uid="8"><title>ZD美甲</title><subtitle /><icon>icon.png</icon></item></items> (2013-11-01-12:03:41)]
[nuomi.commend: True (2013-11-01-12:03:41)]
[nuomi.commend: http://m.nuomi.com/client/gethotkeyword?cityid=100010000&limit=20&client=ios&version=3.2.0 (2013-11-01-12:03:41)]
[nuomi.commend: <items><item arg="ktv" uid="0"><title>ktv</title><subtitle /><icon>icon.png</icon></item><item arg="火锅" uid="1"><title>火锅</title><subtitle /><icon>icon.png</icon></item><item arg="自助餐" uid="2"><title>自助餐</title><subtitle /><icon>icon.png</icon></item><item arg="电影票" uid="3"><title>电影票</title><subtitle /><icon>icon.png</icon></item><item arg="旅游" uid="4"><title>旅游</title><subtitle /><icon>icon.png</icon></item><item arg="烧烤" uid="5"><title>烧烤</title><subtitle /><icon>icon.png</icon></item><item arg="日本料理" uid="6"><title>日本料理</title><subtitle /><icon>icon.png</icon></item><item arg="按摩" uid="7"><title>按摩</title><subtitle /><icon>icon.png</icon></item><item arg="欢乐谷" uid="8"><title>欢乐谷</title><subtitle /><icon>icon.png</icon></item></items> (2013-11-01-12:03:41)]
[nuomi.commend: True (2013-11-01-12:03:55)]
[nuomi.commend: http://m.nuomi.com/client/gethotkeyword?cityid=100010000&limit=20&client=ios&version=3.2.0 (2013-11-01-12:03:55)]
[nuomi.commend: <items><item arg="ktv" uid="0"><title>ktv</title><subtitle /><icon>icon.png</icon></item><item arg="火锅" uid="1"><title>火锅</title><subtitle /><icon>icon.png</icon></item><item arg="自助餐" uid="2"><title>自助餐</title><subtitle /><icon>icon.png</icon></item><item arg="电影票" uid="3"><title>电影票</title><subtitle /><icon>icon.png</icon></item><item arg="旅游" uid="4"><title>旅游</title><subtitle /><icon>icon.png</icon></item><item arg="烧烤" uid="5"><title>烧烤</title><subtitle /><icon>icon.png</icon></item><item arg="日本料理" uid="6"><title>日本料理</title><subtitle /><icon>icon.png</icon></item><item arg="按摩" uid="7"><title>按摩</title><subtitle /><icon>icon.png</icon></item><item arg="欢乐谷" uid="8"><title>欢乐谷</title><subtitle /><icon>icon.png</icon></item></items> (2013-11-01-12:03:55)]
[nuomi.commend: False (2013-11-01-12:04:02)]
[nuomi.commend: http://m.nuomi.com/client/searchsuggest?k=z&cityid=100010000 (2013-11-01-12:04:02)]
[nuomi.commend: <items><item arg="朝外大街" uid="0"><title>朝外大街</title><subtitle /><icon>icon.png</icon></item><item arg="朝阳大悦城" uid="1"><title>朝阳大悦城</title><subtitle /><icon>icon.png</icon></item><item arg="朝阳公园" uid="2"><title>朝阳公园</title><subtitle /><icon>icon.png</icon></item><item arg="占美盛宴" uid="3"><title>占美盛宴</title><subtitle /><icon>icon.png</icon></item><item arg="展览" uid="4"><title>展览</title><subtitle /><icon>icon.png</icon></item><item arg="兆吉" uid="5"><title>兆吉</title><subtitle /><icon>icon.png</icon></item><item arg="照片冲印" uid="6"><title>照片冲印</title><subtitle /><icon>icon.png</icon></item><item arg="ZCX" uid="7"><title>ZCX</title><subtitle /><icon>icon.png</icon></item><item arg="ZD美甲" uid="8"><title>ZD美甲</title><subtitle /><icon>icon.png</icon></item></items> (2013-11-01-12:04:02)]
[nuomi.commend: False (2013-11-01-12:04:02)]
[nuomi.commend: http://m.nuomi.com/client/searchsuggest?k=zi&cityid=100010000 (2013-11-01-12:04:02)]
[nuomi.commend: <items><item arg="紫菩提" uid="0"><title>紫菩提</title><subtitle /><icon>icon.png</icon></item><item arg="紫薇天悦公寓" uid="1"><title>紫薇天悦公寓</title><subtitle /><icon>icon.png</icon></item><item arg="子午堂养生会馆" uid="2"><title>子午堂养生会馆</title><subtitle /><icon>icon.png</icon></item><item arg="自由城" uid="3"><title>自由城</title><subtitle /><icon>icon.png</icon></item><item arg="紫园食府" uid="4"><title>紫园食府</title><subtitle /><icon>icon.png</icon></item><item arg="自动上水壶套装" uid="5"><title>自动上水壶套装</title><subtitle /><icon>icon.png</icon></item><item arg="紫然" uid="6"><title>紫然</title><subtitle /><icon>icon.png</icon></item><item arg="自然美SPA连锁" uid="7"><title>自然美SPA连锁</title><subtitle /><icon>icon.png</icon></item><item arg="紫怡情美容中心" uid="8"><title>紫怡情美容中心</title><subtitle /><icon>icon.png</icon></item></items> (2013-11-01-12:04:02)]
[nuomi.commend: False (2013-11-01-12:04:07)]
[nuomi.commend: http://m.nuomi.com/client/searchsuggest?k=z&cityid=100010000 (2013-11-01-12:04:07)]
[nuomi.commend: <items><item arg="朝外大街" uid="0"><title>朝外大街</title><subtitle /><icon>icon.png</icon></item><item arg="朝阳大悦城" uid="1"><title>朝阳大悦城</title><subtitle /><icon>icon.png</icon></item><item arg="朝阳公园" uid="2"><title>朝阳公园</title><subtitle /><icon>icon.png</icon></item><item arg="占美盛宴" uid="3"><title>占美盛宴</title><subtitle /><icon>icon.png</icon></item><item arg="展览" uid="4"><title>展览</title><subtitle /><icon>icon.png</icon></item><item arg="兆吉" uid="5"><title>兆吉</title><subtitle /><icon>icon.png</icon></item><item arg="照片冲印" uid="6"><title>照片冲印</title><subtitle /><icon>icon.png</icon></item><item arg="ZCX" uid="7"><title>ZCX</title><subtitle /><icon>icon.png</icon></item><item arg="ZD美甲" uid="8"><title>ZD美甲</title><subtitle /><icon>icon.png</icon></item></items> (2013-11-01-12:04:07)]
[nuomi.commend: True (2013-11-01-12:04:08)]
[nuomi.commend: http://m.nuomi.com/client/gethotkeyword?cityid=100010000&limit=20&client=ios&version=3.2.0 (2013-11-01-12:04:08)]
[nuomi.commend: <items><item arg="ktv" uid="0"><title>ktv</title><subtitle /><icon>icon.png</icon></item><item arg="火锅" uid="1"><title>火锅</title><subtitle /><icon>icon.png</icon></item><item arg="自助餐" uid="2"><title>自助餐</title><subtitle /><icon>icon.png</icon></item><item arg="电影票" uid="3"><title>电影票</title><subtitle /><icon>icon.png</icon></item><item arg="旅游" uid="4"><title>旅游</title><subtitle /><icon>icon.png</icon></item><item arg="烧烤" uid="5"><title>烧烤</title><subtitle /><icon>icon.png</icon></item><item arg="日本料理" uid="6"><title>日本料理</title><subtitle /><icon>icon.png</icon></item><item arg="按摩" uid="7"><title>按摩</title><subtitle /><icon>icon.png</icon></item><item arg="欢乐谷" uid="8"><title>欢乐谷</title><subtitle /><icon>icon.png</icon></item></items> (2013-11-01-12:04:08)]
[nuomi.commend: False (2013-11-01-12:04:13)]
[nuomi.commend: http://m.nuomi.com/client/searchsuggest?k=z&cityid=100010000 (2013-11-01-12:04:13)]
[nuomi.commend: <items><item arg="朝外大街" uid="0"><title>朝外大街</title><subtitle /><icon>icon.png</icon></item><item arg="朝阳大悦城" uid="1"><title>朝阳大悦城</title><subtitle /><icon>icon.png</icon></item><item arg="朝阳公园" uid="2"><title>朝阳公园</title><subtitle /><icon>icon.png</icon></item><item arg="占美盛宴" uid="3"><title>占美盛宴</title><subtitle /><icon>icon.png</icon></item><item arg="展览" uid="4"><title>展览</title><subtitle /><icon>icon.png</icon></item><item arg="兆吉" uid="5"><title>兆吉</title><subtitle /><icon>icon.png</icon></item><item arg="照片冲印" uid="6"><title>照片冲印</title><subtitle /><icon>icon.png</icon></item><item arg="ZCX" uid="7"><title>ZCX</title><subtitle /><icon>icon.png</icon></item><item arg="ZD美甲" uid="8"><title>ZD美甲</title><subtitle /><icon>icon.png</icon></item></items> (2013-11-01-12:04:13)]
[nuomi.commend: False (2013-11-01-12:04:14)]
[nuomi.commend: http://m.nuomi.com/client/searchsuggest?k=zie&cityid=100010000 (2013-11-01-12:04:14)]
[nuomi.commend: <items><item arg="zie" uid="0"><title>zie</title><subtitle /><icon>icon.png</icon></item></items> (2013-11-01-12:04:14)]
[nuomi.commend: False (2013-11-01-12:04:17)]
[nuomi.commend: http://m.nuomi.com/client/searchsuggest?k=zi&cityid=100010000 (2013-11-01-12:04:17)]
[nuomi.commend: <items><item arg="紫菩提" uid="0"><title>紫菩提</title><subtitle /><icon>icon.png</icon></item><item arg="紫薇天悦公寓" uid="1"><title>紫薇天悦公寓</title><subtitle /><icon>icon.png</icon></item><item arg="子午堂养生会馆" uid="2"><title>子午堂养生会馆</title><subtitle /><icon>icon.png</icon></item><item arg="自由城" uid="3"><title>自由城</title><subtitle /><icon>icon.png</icon></item><item arg="紫园食府" uid="4"><title>紫园食府</title><subtitle /><icon>icon.png</icon></item><item arg="自动上水壶套装" uid="5"><title>自动上水壶套装</title><subtitle /><icon>icon.png</icon></item><item arg="紫然" uid="6"><title>紫然</title><subtitle /><icon>icon.png</icon></item><item arg="自然美SPA连锁" uid="7"><title>自然美SPA连锁</title><subtitle /><icon>icon.png</icon></item><item arg="紫怡情美容中心" uid="8"><title>紫怡情美容中心</title><subtitle /><icon>icon.png</icon></item></items> (2013-11-01-12:04:17)]
[nuomi.commend: True (2013-11-01-12:04:32)]
[nuomi.commend: http://m.nuomi.com/client/gethotkeyword?cityid=100010000&limit=20&client=ios&version=3.2.0 (2013-11-01-12:04:32)]
[nuomi.commend: <items><item arg="ktv" uid="0"><title>ktv</title><subtitle /><icon>icon.png</icon></item><item arg="火锅" uid="1"><title>火锅</title><subtitle /><icon>icon.png</icon></item><item arg="自助餐" uid="2"><title>自助餐</title><subtitle /><icon>icon.png</icon></item><item arg="电影票" uid="3"><title>电影票</title><subtitle /><icon>icon.png</icon></item><item arg="旅游" uid="4"><title>旅游</title><subtitle /><icon>icon.png</icon></item><item arg="烧烤" uid="5"><title>烧烤</title><subtitle /><icon>icon.png</icon></item><item arg="日本料理" uid="6"><title>日本料理</title><subtitle /><icon>icon.png</icon></item><item arg="按摩" uid="7"><title>按摩</title><subtitle /><icon>icon.png</icon></item><item arg="欢乐谷" uid="8"><title>欢乐谷</title><subtitle /><icon>icon.png</icon></item></items> (2013-11-01-12:04:32)]
[nuomi.commend: True (2013-11-01-12:05:52)]
[nuomi.commend: http://m.nuomi.com/client/gethotkeyword?cityid=100010000&limit=20&client=ios&version=3.2.0 (2013-11-01-12:05:52)]
[nuomi.commend: <items><item arg="ktv" uid="0"><title>ktv</title><subtitle /><icon>icon.png</icon></item><item arg="火锅" uid="1"><title>火锅</title><subtitle /><icon>icon.png</icon></item><item arg="自助餐" uid="2"><title>自助餐</title><subtitle /><icon>icon.png</icon></item><item arg="电影票" uid="3"><title>电影票</title><subtitle /><icon>icon.png</icon></item><item arg="旅游" uid="4"><title>旅游</title><subtitle /><icon>icon.png</icon></item><item arg="烧烤" uid="5"><title>烧烤</title><subtitle /><icon>icon.png</icon></item><item arg="日本料理" uid="6"><title>日本料理</title><subtitle /><icon>icon.png</icon></item><item arg="按摩" uid="7"><title>按摩</title><subtitle /><icon>icon.png</icon></item><item arg="欢乐谷" uid="8"><title>欢乐谷</title><subtitle /><icon>icon.png</icon></item></items> (2013-11-01-12:05:52)]
[nuomi.commend: True (2013-11-01-12:06:37)]
[nuomi.commend: http://m.nuomi.com/client/gethotkeyword?cityid=100010000&limit=20&client=ios&version=3.2.0 (2013-11-01-12:06:37)]
[nuomi.commend: <items><item arg="ktv" uid="0"><title>ktv</title><subtitle /><icon>icon.png</icon></item><item arg="火锅" uid="1"><title>火锅</title><subtitle /><icon>icon.png</icon></item><item arg="自助餐" uid="2"><title>自助餐</title><subtitle /><icon>icon.png</icon></item><item arg="电影票" uid="3"><title>电影票</title><subtitle /><icon>icon.png</icon></item><item arg="旅游" uid="4"><title>旅游</title><subtitle /><icon>icon.png</icon></item><item arg="烧烤" uid="5"><title>烧烤</title><subtitle /><icon>icon.png</icon></item><item arg="日本料理" uid="6"><title>日本料理</title><subtitle /><icon>icon.png</icon></item><item arg="按摩" uid="7"><title>按摩</title><subtitle /><icon>icon.png</icon></item><item arg="欢乐谷" uid="8"><title>欢乐谷</title><subtitle /><icon>icon.png</icon></item></items> (2013-11-01-12:06:37)]
[nuomi.commend: False (2013-11-01-12:06:37)]
[nuomi.commend: http://m.nuomi.com/client/searchsuggest?k=e&cityid=100010000 (2013-11-01-12:06:37)]
[nuomi.commend: <items><item arg="儿童摄影" uid="0"><title>儿童摄影</title><subtitle /><icon>icon.png</icon></item><item arg="E雯" uid="1"><title>E雯</title><subtitle /><icon>icon.png</icon></item><item arg="阿一会馆" uid="2"><title>阿一会馆</title><subtitle /><icon>icon.png</icon></item><item arg="E票网" uid="3"><title>E票网</title><subtitle /><icon>icon.png</icon></item><item arg="E货" uid="4"><title>E货</title><subtitle /><icon>icon.png</icon></item><item arg="阿瑞玛" uid="5"><title>阿瑞玛</title><subtitle /><icon>icon.png</icon></item><item arg="二姐粤菜海鲜舫" uid="6"><title>二姐粤菜海鲜舫</title><subtitle /><icon>icon.png</icon></item><item arg="e朝阳" uid="7"><title>e朝阳</title><subtitle /><icon>icon.png</icon></item><item arg="俄丽娅清真面包坊" uid="8"><title>俄丽娅清真面包坊</title><subtitle /><icon>icon.png</icon></item></items> (2013-11-01-12:06:37)]
[nuomi.commend: False (2013-11-01-12:06:38)]
[nuomi.commend: http://m.nuomi.com/client/searchsuggest?k=ea&cityid=100010000 (2013-11-01-12:06:38)]
[nuomi.commend: <items><item arg="ea" uid="0"><title>ea</title><subtitle /><icon>icon.png</icon></item></items> (2013-11-01-12:06:38)]
[nuomi.commend: False (2013-11-01-12:06:39)]
[nuomi.commend: http://m.nuomi.com/client/searchsuggest?k=e&cityid=100010000 (2013-11-01-12:06:39)]
[nuomi.commend: <items><item arg="儿童摄影" uid="0"><title>儿童摄影</title><subtitle /><icon>icon.png</icon></item><item arg="E雯" uid="1"><title>E雯</title><subtitle /><icon>icon.png</icon></item><item arg="阿一会馆" uid="2"><title>阿一会馆</title><subtitle /><icon>icon.png</icon></item><item arg="E票网" uid="3"><title>E票网</title><subtitle /><icon>icon.png</icon></item><item arg="E货" uid="4"><title>E货</title><subtitle /><icon>icon.png</icon></item><item arg="阿瑞玛" uid="5"><title>阿瑞玛</title><subtitle /><icon>icon.png</icon></item><item arg="二姐粤菜海鲜舫" uid="6"><title>二姐粤菜海鲜舫</title><subtitle /><icon>icon.png</icon></item><item arg="e朝阳" uid="7"><title>e朝阳</title><subtitle /><icon>icon.png</icon></item><item arg="俄丽娅清真面包坊" uid="8"><title>俄丽娅清真面包坊</title><subtitle /><icon>icon.png</icon></item></items> (2013-11-01-12:06:39)]
[nuomi.commend: True (2013-11-01-12:06:40)]
[nuomi.commend: http://m.nuomi.com/client/gethotkeyword?cityid=100010000&limit=20&client=ios&version=3.2.0 (2013-11-01-12:06:40)]
[nuomi.commend: <items><item arg="ktv" uid="0"><title>ktv</title><subtitle /><icon>icon.png</icon></item><item arg="火锅" uid="1"><title>火锅</title><subtitle /><icon>icon.png</icon></item><item arg="自助餐" uid="2"><title>自助餐</title><subtitle /><icon>icon.png</icon></item><item arg="电影票" uid="3"><title>电影票</title><subtitle /><icon>icon.png</icon></item><item arg="旅游" uid="4"><title>旅游</title><subtitle /><icon>icon.png</icon></item><item arg="烧烤" uid="5"><title>烧烤</title><subtitle /><icon>icon.png</icon></item><item arg="日本料理" uid="6"><title>日本料理</title><subtitle /><icon>icon.png</icon></item><item arg="按摩" uid="7"><title>按摩</title><subtitle /><icon>icon.png</icon></item><item arg="欢乐谷" uid="8"><title>欢乐谷</title><subtitle /><icon>icon.png</icon></item></items> (2013-11-01-12:06:40)]
